[www.awe2m8.ai/index.html]
[www.awe2m8.ai/c]
[www.awe2m8.ai/t]
[backblue.gif]
[fade.gif]
[index.html]
[www.awe2m8.ai/about.html]
[www.awe2m8.ai/solutions.html]
[www.awe2m8.ai/contact.html]
[www.awe2m8.ai/api/index.html]
[www.awe2m8.ai/sitemap.xml]
[www.awe2m8.ai/envelope/index.html]
[www.awe2m8.ai/feed.xml]
[www.awe2m8.ai/decodeURIComponent(e]
[www.awe2m8.ai/index.html]
[www.awe2m8.ai/c.html]
[www.awe2m8.ai/t.html]
[www.awe2m8.ai/about.html]
[www.awe2m8.ai/solutions.html]
[www.awe2m8.ai/contact.html]
[www.awe2m8.ai/api/index.html]
[www.awe2m8.ai/envelope/index.html]
[www.awe2m8.ai/feed.html]
[www.awe2m8.ai/decodeURIComponent(e.html]
